<?xml version="1.0" encoding="UTF-8"?>
<testsuite xmlns:xsi="http://www.w3.org/2001/XMLSchema-instance" xsi:noNamespaceSchemaLocation="https://maven.apache.org/surefire/maven-surefire-plugin/xsd/surefire-test-report-3.0.xsd" version="3.0" name="com.mwtassignment.usersystem.UsersystemApplicationTests" time="10.842" tests="1" errors="0" skipped="0" failures="0">
  <properties>
[...]
</properties>
  <testcase name="contextLoads" classname="com.mwtassignment.usersystem.UsersystemApplicationTests" time="1.192">
    <system-out><![CDATA[17:31:33.869 [main] INFO org.springframework.test.context.support.AnnotationConfigContextLoaderUtils -- Could not detect default configuration classes for test class [com.mwtassignment.usersystem.UsersystemApplicationTests]: UsersystemApplicationTests does not declare any static, non-private, non-final, nested classes annotated with @Configuration.
17:31:35.064 [main] INFO org.springframework.boot.test.context.SpringBootTestContextBootstrapper -- Found @SpringBootConfiguration com.mwtassignment.usersystem.UsersystemApplication for test class com.mwtassignment.usersystem.UsersystemApplicationTests

  .   ____          _            __ _ _
 /\\ / ___'_ __ _ _(_)_ __  __ _ \ \ \ \
( ( )\___ | '_ | '_| | '_ \/ _` | \ \ \ \
 \\/  ___)| |_)| | | | | || (_| |  ) ) ) )
  '  |____| .__|_| |_|_| |_\__, | / / / /
 =========|_|==============|___/=/_/_/_/
 :: Spring Boot ::                (v3.2.0)

2024-01-08T17:31:35.612+01:00  INFO 16592 --- [           main] c.m.u.UsersystemApplicationTests         : Starting UsersystemApplicationTests using Java 21.0.1 with PID 16592 (started by Priya Ghayal in C:\Users\Priya Ghayal\Desktop\mwt-project\usersystem)
2024-01-08T17:31:35.614+01:00  INFO 16592 --- [           main] c.m.u.UsersystemApplicationTests         : No active profile set, falling back to 1 default profile: "default"
2024-01-08T17:31:38.175+01:00  INFO 16592 --- [           main] .s.d.r.c.RepositoryConfigurationDelegate : Bootstrapping Spring Data JPA repositories in DEFAULT mode.
2024-01-08T17:31:38.249+01:00  INFO 16592 --- [           main] .s.d.r.c.RepositoryConfigurationDelegate : Finished Spring Data repository scanning in 64 ms. Found 1 JPA repository interface.
2024-01-08T17:31:39.086+01:00  INFO 16592 --- [           main] o.hibernate.jpa.internal.util.LogHelper  : HHH000204: Processing PersistenceUnitInfo [name: default]
2024-01-08T17:31:39.214+01:00  INFO 16592 --- [           main] org.hibernate.Version                    : HHH000412: Hibernate ORM core version 6.3.1.Final
2024-01-08T17:31:39.267+01:00  INFO 16592 --- [           main] o.h.c.internal.RegionFactoryInitiator    : HHH000026: Second-level cache disabled
2024-01-08T17:31:39.648+01:00  INFO 16592 --- [           main] o.s.o.j.p.SpringPersistenceUnitInfo      : No LoadTimeWeaver setup: ignoring JPA class transformer
2024-01-08T17:31:39.681+01:00  INFO 16592 --- [           main] com.zaxxer.hikari.HikariDataSource       : HikariPool-1 - Starting...
2024-01-08T17:31:40.096+01:00  INFO 16592 --- [           main] com.zaxxer.hikari.pool.HikariPool        : HikariPool-1 - Added connection com.mysql.cj.jdbc.ConnectionImpl@6eede35e
2024-01-08T17:31:40.101+01:00  INFO 16592 --- [           main] com.zaxxer.hikari.HikariDataSource       : HikariPool-1 - Start completed.
2024-01-08T17:31:40.138+01:00  WARN 16592 --- [           main] org.hibernate.orm.deprecation            : HHH90000025: MySQL8Dialect does not need to be specified explicitly using 'hibernate.dialect' (remove the property setting and it will be selected by default)
2024-01-08T17:31:40.140+01:00  WARN 16592 --- [           main] org.hibernate.orm.deprecation            : HHH90000026: MySQL8Dialect has been deprecated; use org.hibernate.dialect.MySQLDialect instead
2024-01-08T17:31:41.139+01:00  INFO 16592 --- [           main] o.h.e.t.j.p.i.JtaPlatformInitiator       : HHH000489: No JTA platform available (set 'hibernate.transaction.jta.platform' to enable JTA platform integration)
2024-01-08T17:31:41.334+01:00  INFO 16592 --- [           main] j.LocalContainerEntityManagerFactoryBean : Initialized JPA EntityManagerFactory for persistence unit 'default'
2024-01-08T17:31:42.400+01:00  WARN 16592 --- [           main] JpaBaseConfiguration$JpaWebConfiguration : spring.jpa.open-in-view is enabled by default. Therefore, database queries may be performed during view rendering. Explicitly configure spring.jpa.open-in-view to disable this warning
2024-01-08T17:31:43.215+01:00  INFO 16592 --- [           main] c.m.u.UsersystemApplicationTests         : Started UsersystemApplicationTests in 7.944 seconds (process running for 10.426)
]]></system-out>
    <system-err><![CDATA[WARNING: A Java agent has been loaded dynamically (C:\Users\Priya Ghayal\.m2\repository\net\bytebuddy\byte-buddy-agent\1.14.10\byte-buddy-agent-1.14.10.jar)
WARNING: If a serviceability tool is in use, please run with -XX:+EnableDynamicAgentLoading to hide this warning
WARNING: If a serviceability tool is not in use, please run with -Djdk.instrument.traceUsage for more information
WARNING: Dynamic loading of agents will be disallowed by default in a future release
]]></system-err>
  </testcase>
</testsuite>